"D:/Unreal Projects/Assignment1/Content/2dSideScroller/Textures/2DBackgroundBlockAtlas.uasset" 0
"D:/Unreal Projects/Assignment1/Content/2DSideScroller/Sprites/Ledge.uasset" 1
"D:/Unreal Projects/Assignment1/Content/2dSideScroller/Textures/2DBackgroundTile.uasset" 2
"D:/Unreal Projects/Assignment1/Content/Materials/Floor.uasset" 3
"D:/Unreal Projects/Assignment1/Content/2DSideScroller/Materials/PrototypingSpriteMaterial.uasset" 4
"D:/Unreal Projects/Assignment1/Content/2DSideScroller/Sprites/PrototypingSprite.uasset" 5
"D:/Unreal Projects/Assignment1/Content/2DSideScrollerBP/Blueprints/2DSideScrollerCharacter.uasset" 6
"../../../Engine/Content/EditorBlueprintResources/StandardMacros.uasset" 7
"D:/Unreal Projects/Assignment1/Content/Blueprints/Enemy/Enemy_BB.uasset" 8
"D:/Unreal Projects/Assignment1/Content/Blueprints/Enemy/Enemy_ChasePlayer.uasset" 9
"D:/Unreal Projects/Assignment1/Content/Blueprints/Enemy/Enemy_FindRandomPatrol.uasset" 10
"D:/Unreal Projects/Assignment1/Content/Blueprints/Enemy/Enemy_Tree.uasset" 11
"D:/Unreal Projects/Assignment1/Content/Blueprints/Enemy/Enemy_AI.uasset" 12
"D:/Unreal Projects/Assignment1/Content/2dSideScroller/Textures/2DCharacter_IdleAnimAtlas.uasset" 13
"D:/Unreal Projects/Assignment1/Content/2dSideScroller/Sprites/IdleFrames/IdleCycle1.uasset" 14
"D:/Unreal Projects/Assignment1/Content/2dSideScroller/Sprites/IdleFrames/IdleCycle2.uasset" 15
"D:/Unreal Projects/Assignment1/Content/2dSideScroller/Sprites/IdleFrames/IdleCycle3.uasset" 16
"D:/Unreal Projects/Assignment1/Content/2dSideScroller/Sprites/IdleFrames/IdleCycle4.uasset" 17
"D:/Unreal Projects/Assignment1/Content/2dSideScroller/Sprites/IdleFrames/IdleCycle5.uasset" 18
"D:/Unreal Projects/Assignment1/Content/2dSideScroller/Sprites/IdleFrames/IdleCycle6.uasset" 19
"D:/Unreal Projects/Assignment1/Content/2dSideScroller/Sprites/IdleFrames/IdleCycle7.uasset" 20
"D:/Unreal Projects/Assignment1/Content/2dSideScroller/Sprites/IdleFrames/IdleCycle8.uasset" 21
"D:/Unreal Projects/Assignment1/Content/2DSideScroller/Sprites/IdleAnimation.uasset" 22
"D:/Unreal Projects/Assignment1/Content/2dSideScroller/Textures/2DCharacter_RunAnimAtlas.uasset" 23
"D:/Unreal Projects/Assignment1/Content/2dSideScroller/Sprites/RunFrames/RunCycle_1.uasset" 24
"D:/Unreal Projects/Assignment1/Content/2dSideScroller/Sprites/RunFrames/RunCycle_10.uasset" 25
"D:/Unreal Projects/Assignment1/Content/2dSideScroller/Sprites/RunFrames/RunCycle_11.uasset" 26
"D:/Unreal Projects/Assignment1/Content/2dSideScroller/Sprites/RunFrames/RunCycle_12.uasset" 27
"D:/Unreal Projects/Assignment1/Content/2dSideScroller/Sprites/RunFrames/RunCycle_13.uasset" 28
"D:/Unreal Projects/Assignment1/Content/2dSideScroller/Sprites/RunFrames/RunCycle_14.uasset" 29
"D:/Unreal Projects/Assignment1/Content/2dSideScroller/Sprites/RunFrames/RunCycle_15.uasset" 30
"D:/Unreal Projects/Assignment1/Content/2dSideScroller/Sprites/RunFrames/RunCycle_16.uasset" 31
"D:/Unreal Projects/Assignment1/Content/2dSideScroller/Sprites/RunFrames/RunCycle_2.uasset" 32
"D:/Unreal Projects/Assignment1/Content/2dSideScroller/Sprites/RunFrames/RunCycle_3.uasset" 33
"D:/Unreal Projects/Assignment1/Content/2dSideScroller/Sprites/RunFrames/RunCycle_4.uasset" 34
"D:/Unreal Projects/Assignment1/Content/2dSideScroller/Sprites/RunFrames/RunCycle_5.uasset" 35
"D:/Unreal Projects/Assignment1/Content/2dSideScroller/Sprites/RunFrames/RunCycle_6.uasset" 36
"D:/Unreal Projects/Assignment1/Content/2dSideScroller/Sprites/RunFrames/RunCycle_7.uasset" 37
"D:/Unreal Projects/Assignment1/Content/2dSideScroller/Sprites/RunFrames/RunCycle_8.uasset" 38
"D:/Unreal Projects/Assignment1/Content/2dSideScroller/Sprites/RunFrames/RunCycle_9.uasset" 39
"D:/Unreal Projects/Assignment1/Content/2DSideScroller/Sprites/RunningAnimation.uasset" 40
"D:/Unreal Projects/Assignment1/Content/Blueprints/Enemy/Enemy_Character.uasset" 41
"D:/Unreal Projects/Assignment1/Content/Sounds/Settings/Music.uasset" 42
"D:/Unreal Projects/Assignment1/Content/Sounds/Settings/Master.uasset" 43
"D:/Unreal Projects/Assignment1/Content/Sounds/Settings/Effects.uasset" 44
"D:/Unreal Projects/Assignment1/Content/Sounds/Effects/boop.uasset" 45
"D:/Unreal Projects/Assignment1/Content/Sounds/Effects/menu_click.uasset" 46
"D:/Unreal Projects/Assignment1/Content/Blueprints/Player/Death.uasset" 47
"D:/Unreal Projects/Assignment1/Content/Blueprints/Player/Pause.uasset" 48
"../../../Engine/Content/EngineFonts/Faces/DroidSansFallback.uasset" 49
"../../../Engine/Content/EngineFonts/Faces/RobotoBold.uasset" 50
"../../../Engine/Content/EngineFonts/Faces/RobotoBoldItalic.uasset" 51
"../../../Engine/Content/EngineFonts/Faces/RobotoItalic.uasset" 52
"../../../Engine/Content/EngineFonts/Faces/RobotoLight.uasset" 53
"../../../Engine/Content/EngineFonts/Faces/RobotoRegular.uasset" 54
"../../../Engine/Content/EngineFonts/Roboto.uasset" 55
"D:/Unreal Projects/Assignment1/Content/Blueprints/Player/Player_UI.uasset" 56
"D:/Unreal Projects/Assignment1/Content/Sounds/Effects/jump.uasset" 57
"D:/Unreal Projects/Assignment1/Content/Sounds/Effects/jump_Cue.uasset" 58
"D:/Unreal Projects/Assignment1/Content/Sounds/Effects/punch.uasset" 59
"D:/Unreal Projects/Assignment1/Content/Sounds/Effects/punch_cue.uasset" 60
"D:/Unreal Projects/Assignment1/Content/Sounds/Music/bensound-betterdays.uasset" 61
"D:/Unreal Projects/Assignment1/Content/Sounds/Music/bensound-tomorrow.uasset" 62
"D:/Unreal Projects/Assignment1/Content/Sounds/Music/bensound-tomorrow_Cue.uasset" 63
"D:/Unreal Projects/Assignment1/Content/Blueprints/Player/Player.uasset" 64
"D:/Unreal Projects/Assignment1/Content/Blueprints/Gamemode/2DSideScrollerGameMode.uasset" 65
"D:/Unreal Projects/Assignment1/Content/2DSideScrollerBP/Blueprints/2DSideScrollerGameMode.uasset" 66
"D:/Unreal Projects/Assignment1/Content/2DSideScrollerBP/Maps/Level_01_BuiltData.uasset" 67
"D:/Unreal Projects/Assignment1/Content/Sounds/Settings/Mix_Global.uasset" 68
"D:/Unreal Projects/Assignment1/Content/Sounds/Settings/Sound_Channels.uasset" 69
"D:/Unreal Projects/Assignment1/Content/Sounds/Settings/Sound_Options.uasset" 70
"D:/Unreal Projects/Assignment1/Content/Blueprints/Gamemode/2D_Game_Instance.uasset" 71
"D:/Unreal Projects/Assignment1/Content/Blueprints/2D_Game_Instance.uasset" 72
"D:/Unreal Projects/Assignment1/Content/Materials/Textures/Building_Background.uasset" 73
"D:/Unreal Projects/Assignment1/Content/Materials/Building_Background.uasset" 74
"../../../Engine/Content/Functions/Engine_MaterialFunctions01/Opacity/CameraDepthFade.uasset" 75
"../../../Engine/Content/EngineMaterials/T_Default_Material_Grid_M.uasset" 76
"../../../Engine/Content/EngineMaterials/T_Default_Material_Grid_N.uasset" 77
"../../../Engine/Content/EngineMaterials/WorldGridMaterial.uasset" 78
"../../../Engine/Content/BasicShapes/Cube.uasset" 79
"D:/Unreal Projects/Assignment1/Content/Blueprints/Terrain/Building_Background.uasset" 80
"D:/Unreal Projects/Assignment1/Content/Blueprints/Building_Background.uasset" 81
"D:/Unreal Projects/Assignment1/Content/Materials/Textures/Building_Floor.uasset" 82
"D:/Unreal Projects/Assignment1/Content/Materials/Building_Floor.uasset" 83
"D:/Unreal Projects/Assignment1/Content/Blueprints/Terrain/Building_Floor.uasset" 84
"D:/Unreal Projects/Assignment1/Content/Blueprints/Building_Floor.uasset" 85
"D:/Unreal Projects/Assignment1/Content/Blueprints/Gamemode/Menu_Mode.uasset" 86
"D:/Unreal Projects/Assignment1/Content/Blueprints/Menu_Mode.uasset" 87
"D:/Unreal Projects/Assignment1/Content/Blueprints/Pause.uasset" 88
"D:/Unreal Projects/Assignment1/Content/Blueprints/Terrain/Platform.uasset" 89
"D:/Unreal Projects/Assignment1/Content/Blueprints/Platform.uasset" 90
"D:/Unreal Projects/Assignment1/Content/Blueprints/Player_UI.uasset" 91
"D:/Unreal Projects/Assignment1/Content/Blueprints/UI.uasset" 92
"D:/Unreal Projects/Assignment1/Content/Blueprints/Enemy/Boss_Character.uasset" 93
"D:/Unreal Projects/Assignment1/Content/Blueprints/Gamemode/2DSideScrollerOverview.uasset" 94
"D:/Unreal Projects/Assignment1/Content/Blueprints/Player/UI.uasset" 95
"D:/Unreal Projects/Assignment1/Content/Sounds/Music/bensound-betterdays_Cue.uasset" 96
"../../../Engine/Content/Animation/DefaultAnimCurveCompressionSettings.uasset" 97
"../../../Engine/Content/ArtTools/RenderToTexture/Meshes/S_1_Unit_Plane.uasset" 98
"../../../Engine/Content/EngineMaterials/DefaultMaterial.uasset" 99
"../../../Engine/Content/BasicShapes/Cone.uasset" 100
"../../../Engine/Content/BasicShapes/Cylinder.uasset" 101
"../../../Engine/Content/BasicShapes/Plane.uasset" 102
"../../../Engine/Content/BasicShapes/Sphere.uasset" 103
"../../../Engine/Content/EditorLandscapeResources/DataLayer.uasset" 104
"../../../Engine/Content/EditorMaterials/MAT_Groups_Toggle.uasset" 105
"../../../Engine/Content/EditorMaterials/MAT_Groups_Visibility.uasset" 106
"../../../Engine/Content/EditorMaterials/PreviewShadowIndicator.uasset" 107
"../../../Engine/Content/EditorMaterials/PreviewShadowIndicatorMaterial.uasset" 108
"../../../Engine/Content/EditorMaterials/MatineeGroups/MAT_ColorTrack.uasset" 109
"../../../Engine/Content/EditorMaterials/MatineeGroups/MAT_Groups_Anim.uasset" 110
"../../../Engine/Content/EditorMaterials/MatineeGroups/MAT_Groups_AudioMaster.uasset" 111
"../../../Engine/Content/EditorMaterials/MatineeGroups/MAT_Groups_Director.uasset" 112
"../../../Engine/Content/EditorMaterials/MatineeGroups/MAT_Groups_Event.uasset" 113
"../../../Engine/Content/EditorMaterials/MatineeGroups/MAT_Groups_Fade.uasset" 114
"../../../Engine/Content/EditorMaterials/MatineeGroups/MAT_Groups_Float.uasset" 115
"../../../Engine/Content/EditorMaterials/MatineeGroups/MAT_Groups_Move.uasset" 116
"../../../Engine/Content/EditorMaterials/MatineeGroups/MAT_Groups_Slomo.uasset" 117
"../../../Engine/Content/EditorMaterials/MatineeGroups/MAT_Groups_Sound.uasset" 118
"../../../Engine/Content/EditorMaterials/MatineeGroups/MAT_Groups_Vector.uasset" 119
"../../../Engine/Content/EditorMaterials/ParticleSystems/PSysThumbnail_NoImage.uasset" 120
"../../../Engine/Content/EditorMaterials/ParticleSystems/PSysThumbnail_OOD.uasset" 121
"../../../Engine/Content/EditorMaterials/Camera/CineMat.uasset" 122
"../../../Engine/Content/EditorMaterials/Camera/MI_CineMat_Rig.uasset" 123
"../../../Engine/Content/EditorMeshes/Camera/SM_CraneRig_Arm.uasset" 124
"../../../Engine/Content/EditorMeshes/Camera/SM_CraneRig_Base.uasset" 125
"../../../Engine/Content/EditorMeshes/Camera/SM_CraneRig_Body.uasset" 126
"../../../Engine/Content/EditorMeshes/Camera/SM_CraneRig_Mount.uasset" 127
"../../../Engine/Content/EditorMeshes/Camera/SM_RailRig_Mount.uasset" 128
"../../../Engine/Content/EditorMeshes/Camera/SM_RailRig_Track.uasset" 129
"../../../Engine/Content/EditorResources/BSPVertex.uasset" 130
"../../../Engine/Content/EditorResources/S_Actor.uasset" 131
"../../../Engine/Content/EditorResources/S_Note.uasset" 132
"../../../Engine/Content/EditorResources/S_Solver.uasset" 133
"../../../Engine/Content/EditorResources/S_Trigger.uasset" 134
"../../../Engine/Content/EditorResources/SequenceRecorder/Countdown.uasset" 135
"../../../Engine/Content/EditorResources/SequenceRecorder/RecordingIndicator.uasset" 136
"../../../Engine/Content/EditorSounds/Notifications/CompileFailed.uasset" 137
"../../../Engine/Content/EditorSounds/Notifications/CompileFailed_Cue.uasset" 138
"../../../Engine/Content/EditorSounds/Notifications/CompileSuccess.uasset" 139
"../../../Engine/Content/EditorSounds/Notifications/CompileStart_Cue.uasset" 140
"../../../Engine/Content/EditorSounds/Notifications/CompileSuccess_Cue.uasset" 141
"../../../Engine/Content/EngineDamageTypes/DmgTypeBP_Environmental.uasset" 142
"../../../Engine/Content/EngineDebugMaterials/DebugEditorMaterial.uasset" 143
"../../../Engine/Content/EngineDebugMaterials/DebugMeshMaterial.uasset" 144
"../../../Engine/Content/EngineDebugMaterials/M_SimpleUnlitTranslucent.uasset" 145
"../../../Engine/Content/Functions/Engine_MaterialFunctions02/Utility/CameraDirectionVector.uasset" 146
"../../../Engine/Content/EngineDebugMaterials/VolumeToRender.uasset" 147
"../../../Engine/Content/EngineDebugMaterials/M_VolumeRenderSphereTracePP.uasset" 148
"../../../Engine/Content/EngineDebugMaterials/WireframeMaterial.uasset" 149
"../../../Engine/Content/EngineMaterials/BaseFlattenDiffuseMap.uasset" 150
"../../../Engine/Content/EngineMaterials/BaseFlattenEmissiveMap.uasset" 151
"../../../Engine/Content/EngineMaterials/BaseFlattenGrayscaleMap.uasset" 152
"../../../Engine/Content/EngineMaterials/BaseFlattenNormalMap.uasset" 153
"../../../Engine/Content/EngineMaterials/BaseFlattenMaterial.uasset" 154
"../../../Engine/Content/EngineMaterials/BlueNoise.uasset" 155
"../../../Engine/Content/EngineMaterials/DefaultBloomKernel.uasset" 156
"../../../Engine/Content/EngineMaterials/DefaultBokeh.uasset" 157
"../../../Engine/Content/EngineMaterials/DefaultDiffuse.uasset" 158
"../../../Engine/Content/EngineMaterials/DefaultDeferredDecalMaterial.uasset" 159
"../../../Engine/Content/EngineMaterials/DefaultLightFunctionMaterial.uasset" 160
"../../../Engine/Content/EngineMaterials/DefaultPhysicalMaterial.uasset" 161
"../../../Engine/Content/Functions/Engine_MaterialFunctions02/Utility/BreakOutFloat2Components.uasset" 162
"../../../Engine/Content/EngineMaterials/DefaultPostProcessMaterial.uasset" 163
"../../../Engine/Content/EngineFonts/RobotoDistanceField.uasset" 164
"../../../Engine/Content/EngineMaterials/DefaultTextMaterialOpaque.uasset" 165
"../../../Engine/Content/EngineMaterials/DefaultWhiteGrid.uasset" 166
"../../../Engine/Content/EngineMaterials/DefaultWhiteGrid_Low.uasset" 167
"../../../Engine/Content/EngineMaterials/EmissiveMeshMaterial.uasset" 168
"../../../Engine/Content/EngineMaterials/GizmoMaterial.uasset" 169
"../../../Engine/Content/EngineMaterials/Good64x64TilingNoiseHighFreq.uasset" 170
"../../../Engine/Content/EngineMaterials/MiniFont.uasset" 171
"../../../Engine/Content/EngineMaterials/InvalidLightmapSettings.uasset" 172
"../../../Engine/Content/EngineMaterials/M_InvalidLightmapSettings.uasset" 173
"../../../Engine/Content/Functions/Engine_MaterialFunctions02/WorldPositionOffset/CameraOffset.uasset" 174
"../../../Engine/Content/EngineMaterials/PhAT_JointLimitMaterial.uasset" 175
"../../../Engine/Content/EngineMaterials/PreintegratedSkinBRDF.uasset" 176
"../../../Engine/Content/EngineMaterials/RemoveSurfaceMaterial.uasset" 177
"../../../Engine/Content/EngineMaterials/WeightMapPlaceholderTexture.uasset" 178
"../../../Engine/Content/EngineResources/WhiteSquareTexture.uasset" 179
"../../../Engine/Content/EngineMaterials/Widget3DPassThrough.uasset" 180
"../../../Engine/Content/EngineMaterials/Widget3DPassThrough_Masked.uasset" 181
"../../../Engine/Content/EngineMaterials/Widget3DPassThrough_Opaque.uasset" 182
"../../../Engine/Content/EngineMaterials/Widget3DPassThrough_Masked_OneSided.uasset" 183
"../../../Engine/Content/EngineMaterials/Widget3DPassThrough_Opaque_OneSided.uasset" 184
"../../../Engine/Content/EngineMaterials/Widget3DPassThrough_Translucent.uasset" 185
"../../../Engine/Content/EngineMaterials/Widget3DPassThrough_Translucent_OneSided.uasset" 186
"../../../Engine/Content/EngineMeshes/Cylinder.uasset" 187
"../../../Engine/Content/EngineMeshes/Sphere.uasset" 188
"../../../Engine/Content/EngineResources/Black.uasset" 189
"../../../Engine/Content/EngineResources/DefaultTexture.uasset" 190
"../../../Engine/Content/EngineResources/DefaultTextureCube.uasset" 191
"../../../Engine/Content/EngineResources/DefaultVolumeTexture2D.uasset" 192
"../../../Engine/Content/EngineResources/DefaultVolumeTexture.uasset" 193
"../../../Engine/Content/EngineResources/GradientTexture0.uasset" 194
"../../../Engine/Content/EngineSounds/Master.uasset" 195
"../../../Engine/Content/Functions/Engine_MaterialFunctions01/Shading/ConvertFromDiffSpec.uasset" 196
"../../../Engine/Content/Functions/Engine_MaterialFunctions01/Shading/PowerToRoughness.uasset" 197
"../../../Engine/Content/Maps/Templates/Thumbnails/Default.uasset" 198
"../../../Engine/Content/Maps/Templates/Thumbnails/TimeOfDay.uasset" 199
"../../../Engine/Content/Maps/Templates/Thumbnails/VR-Basic.uasset" 200
"../../../Engine/Content/MobileResources/T_MobileControls_texture.uasset" 201
"../../../Engine/Content/MobileResources/T_MobileMenu2.uasset" 202
"../../../Engine/Content/MobileResources/HUD/AnalogHat.uasset" 203
"../../../Engine/Content/MobileResources/HUD/VirtualJoystick_Background.uasset" 204
"../../../Engine/Content/MobileResources/HUD/VirtualJoystick_Thumb.uasset" 205
"../../../Engine/Content/MobileResources/HUD/DefaultVirtualJoysticks.uasset" 206
"../../../Engine/Content/MobileResources/HUD/LeftVirtualJoystickOnly.uasset" 207
"../../../Engine/Content/MobileResources/HUD/MobileHUDButton1_off.uasset" 208
"../../../Engine/Content/MobileResources/HUD/MobileHUDButton1_on.uasset" 209
"../../../Engine/Content/MobileResources/HUD/MobileHUDButton2_off.uasset" 210
"../../../Engine/Content/MobileResources/HUD/MobileHUDButton2_on.uasset" 211
"../../../Engine/Content/MobileResources/HUD/MobileHUDButton3.uasset" 212
"../../../Engine/Content/MobileResources/HUD/MobileHUDButtonFire.uasset" 213
"../../../Engine/Content/MobileResources/HUD/MobileHUDDirectionPad.uasset" 214
"../../../Engine/Content/MobileResources/HUD/MobileHUDDirectionPad2.uasset" 215
"../../../Engine/Content/MobileResources/HUD/MobileHUDDirectionPad3.uasset" 216
"../../../Engine/Content/MobileResources/HUD/MobileHUDDirectionStick.uasset" 217
"../../../Engine/Content/MobileResources/HUD/T_Castle_ThumbstickInner.uasset" 218
"../../../Engine/Content/MobileResources/HUD/T_Castle_ThumbstickOutter.uasset" 219
"../../../Engine/Content/Tutorial/ContentIntroCurve.uasset" 220
"../../../Engine/Content/Tutorial/Basics/LevelEditorAttract.uasset" 221
"../../../Engine/Content/Tutorial/Basics/TutorialAssets/icon_tab_Levels_40x.uasset" 222
"../../../Engine/Content/Tutorial/Basics/LevelEditorOverview.uasset" 223
"../../../Engine/Content/Tutorial/BlueprintTutorials/TutorialAssets/Blueprint_64x.uasset" 224
"../../../Engine/Content/Tutorial/BlueprintTutorials/BlueprintEditorTutorial.uasset" 225
"../../../Engine/Content/Tutorial/Landscape/TutorialAssets/Landscape.uasset" 226
"../../../Engine/Content/Tutorial/Landscape/LandscapeWalkThrough.uasset" 227
"../../../Engine/Content/Tutorial/Landscape/Landscape_Manage_Mode.uasset" 228
"../../../Engine/Content/Tutorial/Landscape/Landscape_Painting_Mode.uasset" 229
"../../../Engine/Content/Tutorial/Landscape/Landscape_Sculpt_Mode.uasset" 230
"../../../Engine/Content/VREditor/LaserPointer/VR_LaserPower_01.uasset" 231
"../../../Engine/Content/VREditor/TransformGizmo/TransformGizmoMaterial.uasset" 232
"../../../Engine/Content/VREditor/TransformGizmo/TranslucentTransformGizmoMaterial.uasset" 233
"../../../Engine/Content/VREditor/TransformGizmo/BoundingBoxCorner.uasset" 234
"../../../Engine/Content/VREditor/TransformGizmo/BoundingBoxEdge.uasset" 235
"../../../Engine/Content/VREditor/TransformGizmo/PlaneTranslationHandle.uasset" 236
"../../../Engine/Content/VREditor/TransformGizmo/Main.uasset" 237
"../../../Engine/Content/VREditor/TransformGizmo/Xray.uasset" 238
"../../../Engine/Content/VREditor/TransformGizmo/SM_Sequencer_Key.uasset" 239
"../../../Engine/Content/VREditor/TransformGizmo/SM_Sequencer_Node.uasset" 240
"../../Plugins/2D/Paper2D/Content/PlaceholderTextures/DummySpriteTexture.uasset" 241
"../../Plugins/2D/Paper2D/Content/DummySprite.uasset" 242
"../../Plugins/2D/Paper2D/Content/DefaultPaperTerrainMaterial.uasset" 243
"../../Plugins/2D/Paper2D/Content/DefaultSpriteMaterial.uasset" 244
"../../Plugins/2D/Paper2D/Content/MaskedUnlitSpriteMaterial.uasset" 245
"../../Plugins/FX/Niagara/Content/Enums/ENiagaraBooleanLogicOps.uasset" 246
"../../Plugins/FX/Niagara/Content/Enums/ENiagaraCoordinateSpace.uasset" 247
"../../Plugins/FX/Niagara/Content/Enums/ENiagaraExpansionMode.uasset" 248
"../../Plugins/FX/Niagara/Content/Enums/ENiagaraOrientationAxis.uasset" 249
"../../Plugins/FX/Niagara/Content/Enums/ENiagaraRandomnessMode.uasset" 250
"../../../Engine/Content/Functions/Engine_MaterialFunctions02/Utility/BreakOutFloat4Components.uasset" 251
"../../../Engine/Content/Functions/Engine_MaterialFunctions02/Utility/MakeFloat2.uasset" 252
"../../../Engine/Content/Functions/Engine_MaterialFunctions02/Utility/MakeFloat3.uasset" 253
"../../Plugins/Runtime/Oculus/OculusVR/Content/Materials/OculusMR_ChromaKey.uasset" 254
"../../Plugins/Runtime/Oculus/OculusVR/Content/Materials/OculusMR_ChromaKey_Lit.uasset" 255
"../../Plugins/Runtime/Oculus/OculusVR/Content/Materials/OculusMR_OpaqueColoredMaterial.uasset" 256
"../../Plugins/Runtime/Oculus/OculusVR/Content/Materials/OculusMR_WhiteMaterial.uasset" 257
"D:/Unreal Projects/Assignment1/Content/Materials/Textures/Background_Wall.uasset" 258
"D:/Unreal Projects/Assignment1/Content/Materials/Background_Wall.uasset" 259
"D:/Unreal Projects/Assignment1/Content/Blueprints/Terrain/Background_wall.uasset" 260
"D:/Unreal Projects/Assignment1/Content/Materials/Textures/Wall.uasset" 261
"D:/Unreal Projects/Assignment1/Content/Materials/Building_Wall.uasset" 262
"../../../Engine/Content/MapTemplates/Bokeh_5Sides.uasset" 263
"../../../Engine/Content/MapTemplates/T_ScreenDirt02_w.uasset" 264
"../../Plugins/2D/Paper2D/Content/OpaqueUnlitSpriteMaterial.uasset" 265
"D:/Unreal Projects/Assignment1/Content/2dSideScroller/Textures/2DBackground.uasset" 266
"D:/Unreal Projects/Assignment1/Content/2DSideScroller/Sprites/Background_Sprite.uasset" 267
"D:/Unreal Projects/Assignment1/Content/2DSideScrollerBP/Maps/Level_01.umap" 268
"D:/Unreal Projects/Assignment1/Content/Blueprints/Menu/Menu_Interface.uasset" 269
"D:/Unreal Projects/Assignment1/Content/Sounds/Music/bensound-buddy.uasset" 270
"D:/Unreal Projects/Assignment1/Content/Sounds/Music/bensound-buddy_Cue.uasset" 271
"D:/Unreal Projects/Assignment1/Content/2DSideScrollerBP/Maps/Menu.umap" 272
"../../../Engine/Content/Maps/Entry_BuiltData.uasset" 273
"../../../Engine/Content/Maps/Entry.umap" 274
